The target system is: Generic -  - rv32imac_zicsr
The host system is: Linux - 6.2.0-32-generic - x86_64
Compiling the C compiler identification source file "CMakeCCompilerId.c" succeeded.
Compiler: /home/randolph/Develop/cmake_rv/bin/riscv32-unknown-elf-gcc 
Build flags: ;-g;-march=rv32imac_zicsr;-g;-march=rv32imac_zicsr
Id flags: -c 

The output was:
0


Compilation of the C compiler identification source "CMakeCCompilerId.c" produced "CMakeCCompilerId.o"

The C compiler identification is GNU, found in "/home/randolph/Develop/Spiking-MPI/build/CMakeFiles/3.22.1/CompilerIdC/CMakeCCompilerId.o"

Checking whether the ASM compiler is GNU using "--version" matched "(GNU assembler)|(GCC)|(Free Software Foundation)":
riscv32-unknown-elf-gcc () 13.2.0
Copyright (C) 2023 Free Software Foundation, Inc.
This is free software; see the source for copying conditions.  There is NO
warranty; not even for MERCHANTABILITY or FITNESS FOR A PARTICULAR PURPOSE.

Detecting C compiler ABI info compiled with the following output:
Change Dir: /home/randolph/Develop/Spiking-MPI/build/CMakeFiles/CMakeTmp

Run Build Command(s):/usr/bin/gmake -f Makefile cmTC_35c43/fast && gmake[1]: Entering directory '/home/randolph/Develop/Spiking-MPI/build/CMakeFiles/CMakeTmp'
/usr/bin/gmake  -f CMakeFiles/cmTC_35c43.dir/build.make CMakeFiles/cmTC_35c43.dir/build
gmake[2]: Entering directory '/home/randolph/Develop/Spiking-MPI/build/CMakeFiles/CMakeTmp'
Building C object CMakeFiles/cmTC_35c43.dir/CMakeCCompilerABI.c.obj
/home/randolph/Develop/cmake_rv/bin/riscv32-unknown-elf-gcc   -g -march=rv32imac_zicsr -g -march=rv32imac_zicsr    -v -o CMakeFiles/cmTC_35c43.dir/CMakeCCompilerABI.c.obj -c /usr/share/cmake-3.22/Modules/CMakeCCompilerABI.c
Using built-in specs.
COLLECT_GCC=/home/randolph/Develop/cmake_rv/bin/riscv32-unknown-elf-gcc
Target: riscv32-unknown-elf
Configured with: /home/stnolting/tmp/rvgcc/riscv-gnu-toolchain/gcc/configure --target=riscv32-unknown-elf --prefix=/home/stnolting/tmp/riscv/bin --disable-shared --disable-threads --enable-languages=c,c++ --with-pkgversion= --with-system-zlib --enable-tls --with-newlib --with-sysroot=/home/stnolting/tmp/riscv/bin/riscv32-unknown-elf --with-native-system-header-dir=/include --disable-libmudflap --disable-libssp --disable-libquadmath --disable-libgomp --disable-nls --disable-tm-clone-registry --src=.././gcc --disable-multilib --with-abi=ilp32 --with-arch=rv32i --with-tune=rocket --with-isa-spec=20191213 'CFLAGS_FOR_TARGET=-Os    -mcmodel=medlow' 'CXXFLAGS_FOR_TARGET=-Os    -mcmodel=medlow'
Thread model: single
Supported LTO compression algorithms: zlib
gcc version 13.2.0 () 
COLLECT_GCC_OPTIONS='-g' '-g' '-march=rv32imac_zicsr' '-v' '-o' 'CMakeFiles/cmTC_35c43.dir/CMakeCCompilerABI.c.obj' '-c' '-mtune=rocket' '-mabi=ilp32' '-misa-spec=20191213' '-march=rv32imac_zicsr' '-dumpdir' 'CMakeFiles/cmTC_35c43.dir/'
 /home/randolph/Develop/cmake_rv/bin/../libexec/gcc/riscv32-unknown-elf/13.2.0/cc1 -quiet -v -iprefix /home/randolph/Develop/cmake_rv/bin/../lib/gcc/riscv32-unknown-elf/13.2.0/ -isysroot /home/randolph/Develop/cmake_rv/bin/../riscv32-unknown-elf /usr/share/cmake-3.22/Modules/CMakeCCompilerABI.c -quiet -dumpdir CMakeFiles/cmTC_35c43.dir/ -dumpbase CMakeCCompilerABI.c.c -dumpbase-ext .c -march=rv32imac_zicsr -mtune=rocket -mabi=ilp32 -misa-spec=20191213 -march=rv32imac_zicsr -g -g -version -o /tmp/cc9P4S4c.s
GNU C17 () version 13.2.0 (riscv32-unknown-elf)
	compiled by GNU C version 9.4.0, GMP version 6.2.0, MPFR version 4.0.2, MPC version 1.1.0, isl version none
warning: GMP header version 6.2.0 differs from library version 6.2.1.
warning: MPFR header version 4.0.2 differs from library version 4.1.0.
warning: MPC header version 1.1.0 differs from library version 1.2.1.
GGC heuristics: --param ggc-min-expand=100 --param ggc-min-heapsize=131072
ignoring duplicate directory "/home/randolph/Develop/cmake_rv/bin/../lib/gcc/../../lib/gcc/riscv32-unknown-elf/13.2.0/include"
ignoring nonexistent directory "/home/randolph/Develop/cmake_rv/bin/../riscv32-unknown-elf/usr/local/include"
ignoring duplicate directory "/home/randolph/Develop/cmake_rv/bin/../lib/gcc/../../lib/gcc/riscv32-unknown-elf/13.2.0/include-fixed"
ignoring duplicate directory "/home/randolph/Develop/cmake_rv/bin/../lib/gcc/../../lib/gcc/riscv32-unknown-elf/13.2.0/../../../../riscv32-unknown-elf/include"
ignoring duplicate directory "/home/randolph/Develop/cmake_rv/bin/../riscv32-unknown-elf/include"
#include "..." search starts here:
#include <...> search starts here:
 /home/randolph/Develop/cmake_rv/bin/../lib/gcc/riscv32-unknown-elf/13.2.0/include
 /home/randolph/Develop/cmake_rv/bin/../lib/gcc/riscv32-unknown-elf/13.2.0/include-fixed
 /home/randolph/Develop/cmake_rv/bin/../lib/gcc/riscv32-unknown-elf/13.2.0/../../../../riscv32-unknown-elf/include
End of search list.
Compiler executable checksum: abcdb59267bb65626140602ce4633f65
COLLECT_GCC_OPTIONS='-g' '-g' '-march=rv32imac_zicsr' '-v' '-o' 'CMakeFiles/cmTC_35c43.dir/CMakeCCompilerABI.c.obj' '-c' '-mtune=rocket' '-mabi=ilp32' '-misa-spec=20191213' '-march=rv32imac_zicsr' '-dumpdir' 'CMakeFiles/cmTC_35c43.dir/'
 /home/randolph/Develop/cmake_rv/bin/../lib/gcc/riscv32-unknown-elf/13.2.0/../../../../riscv32-unknown-elf/bin/as -v --gdwarf-5 --traditional-format -march=rv32imac_zicsr -march=rv32imac_zicsr -mabi=ilp32 -misa-spec=20191213 -o CMakeFiles/cmTC_35c43.dir/CMakeCCompilerABI.c.obj /tmp/cc9P4S4c.s
GNU assembler version 2.41 (riscv32-unknown-elf) using BFD version (GNU Binutils) 2.41
COMPILER_PATH=/home/randolph/Develop/cmake_rv/bin/../libexec/gcc/riscv32-unknown-elf/13.2.0/:/home/randolph/Develop/cmake_rv/bin/../libexec/gcc/:/home/randolph/Develop/cmake_rv/bin/../lib/gcc/riscv32-unknown-elf/13.2.0/../../../../riscv32-unknown-elf/bin/
LIBRARY_PATH=/home/randolph/Develop/cmake_rv/bin/../lib/gcc/riscv32-unknown-elf/13.2.0/:/home/randolph/Develop/cmake_rv/bin/../lib/gcc/:/home/randolph/Develop/cmake_rv/bin/../lib/gcc/riscv32-unknown-elf/13.2.0/../../../../riscv32-unknown-elf/lib/:/home/randolph/Develop/cmake_rv/bin/../riscv32-unknown-elf/lib/
COLLECT_GCC_OPTIONS='-g' '-g' '-march=rv32imac_zicsr' '-v' '-o' 'CMakeFiles/cmTC_35c43.dir/CMakeCCompilerABI.c.obj' '-c' '-mtune=rocket' '-mabi=ilp32' '-misa-spec=20191213' '-march=rv32imac_zicsr' '-dumpdir' 'CMakeFiles/cmTC_35c43.dir/CMakeCCompilerABI.c.'
Linking C executable cmTC_35c43
/usr/bin/cmake -E cmake_link_script CMakeFiles/cmTC_35c43.dir/link.txt --verbose=1
/home/randolph/Develop/cmake_rv/bin/riscv32-unknown-elf-gcc  -g -march=rv32imac_zicsr -g -march=rv32imac_zicsr    -march=rv32imac_zicsr    -nostartfiles     -march=rv32imac_zicsr    -nostartfiles    -v CMakeFiles/cmTC_35c43.dir/CMakeCCompilerABI.c.obj -o cmTC_35c43 
Using built-in specs.
COLLECT_GCC=/home/randolph/Develop/cmake_rv/bin/riscv32-unknown-elf-gcc
COLLECT_LTO_WRAPPER=/home/randolph/Develop/cmake_rv/bin/../libexec/gcc/riscv32-unknown-elf/13.2.0/lto-wrapper
Target: riscv32-unknown-elf
Configured with: /home/stnolting/tmp/rvgcc/riscv-gnu-toolchain/gcc/configure --target=riscv32-unknown-elf --prefix=/home/stnolting/tmp/riscv/bin --disable-shared --disable-threads --enable-languages=c,c++ --with-pkgversion= --with-system-zlib --enable-tls --with-newlib --with-sysroot=/home/stnolting/tmp/riscv/bin/riscv32-unknown-elf --with-native-system-header-dir=/include --disable-libmudflap --disable-libssp --disable-libquadmath --disable-libgomp --disable-nls --disable-tm-clone-registry --src=.././gcc --disable-multilib --with-abi=ilp32 --with-arch=rv32i --with-tune=rocket --with-isa-spec=20191213 'CFLAGS_FOR_TARGET=-Os    -mcmodel=medlow' 'CXXFLAGS_FOR_TARGET=-Os    -mcmodel=medlow'
Thread model: single
Supported LTO compression algorithms: zlib
gcc version 13.2.0 () 
COMPILER_PATH=/home/randolph/Develop/cmake_rv/bin/../libexec/gcc/riscv32-unknown-elf/13.2.0/:/home/randolph/Develop/cmake_rv/bin/../libexec/gcc/:/home/randolph/Develop/cmake_rv/bin/../lib/gcc/riscv32-unknown-elf/13.2.0/../../../../riscv32-unknown-elf/bin/
LIBRARY_PATH=/home/randolph/Develop/cmake_rv/bin/../lib/gcc/riscv32-unknown-elf/13.2.0/:/home/randolph/Develop/cmake_rv/bin/../lib/gcc/:/home/randolph/Develop/cmake_rv/bin/../lib/gcc/riscv32-unknown-elf/13.2.0/../../../../riscv32-unknown-elf/lib/:/home/randolph/Develop/cmake_rv/bin/../riscv32-unknown-elf/lib/
COLLECT_GCC_OPTIONS='-g' '-g' '-nostartfiles' '-march=rv32imac_zicsr' '-nostartfiles' '-v' '-o' 'cmTC_35c43' '-mtune=rocket' '-mabi=ilp32' '-misa-spec=20191213' '-march=rv32imac_zicsr' '-dumpdir' 'cmTC_35c43.'
 /home/randolph/Develop/cmake_rv/bin/../libexec/gcc/riscv32-unknown-elf/13.2.0/collect2 -plugin /home/randolph/Develop/cmake_rv/bin/../libexec/gcc/riscv32-unknown-elf/13.2.0/liblto_plugin.so -plugin-opt=/home/randolph/Develop/cmake_rv/bin/../libexec/gcc/riscv32-unknown-elf/13.2.0/lto-wrapper -plugin-opt=-fresolution=/tmp/cc3KCnZV.res -plugin-opt=-pass-through=-lgcc -plugin-opt=-pass-through=-lc -plugin-opt=-pass-through=-lgloss -plugin-opt=-pass-through=-lgcc --sysroot=/home/randolph/Develop/cmake_rv/bin/../riscv32-unknown-elf -melf32lriscv -o cmTC_35c43 -L/home/randolph/Develop/cmake_rv/bin/../lib/gcc/riscv32-unknown-elf/13.2.0 -L/home/randolph/Develop/cmake_rv/bin/../lib/gcc -L/home/randolph/Develop/cmake_rv/bin/../lib/gcc/riscv32-unknown-elf/13.2.0/../../../../riscv32-unknown-elf/lib -L/home/randolph/Develop/cmake_rv/bin/../riscv32-unknown-elf/lib CMakeFiles/cmTC_35c43.dir/CMakeCCompilerABI.c.obj -lgcc --start-group -lc -lgloss --end-group -lgcc
/home/randolph/Develop/cmake_rv/bin/../lib/gcc/riscv32-unknown-elf/13.2.0/../../../../riscv32-unknown-elf/bin/ld: warning: cannot find entry symbol _start; defaulting to 00010074
COLLECT_GCC_OPTIONS='-g' '-g' '-nostartfiles' '-march=rv32imac_zicsr' '-nostartfiles' '-v' '-o' 'cmTC_35c43' '-mtune=rocket' '-mabi=ilp32' '-misa-spec=20191213' '-march=rv32imac_zicsr' '-dumpdir' 'cmTC_35c43.'
gmake[2]: Leaving directory '/home/randolph/Develop/Spiking-MPI/build/CMakeFiles/CMakeTmp'
gmake[1]: Leaving directory '/home/randolph/Develop/Spiking-MPI/build/CMakeFiles/CMakeTmp'



Parsed C implicit include dir info from above output: rv=done
  found start of include info
  found start of implicit include info
    add: [/home/randolph/Develop/cmake_rv/bin/../lib/gcc/riscv32-unknown-elf/13.2.0/include]
    add: [/home/randolph/Develop/cmake_rv/bin/../lib/gcc/riscv32-unknown-elf/13.2.0/include-fixed]
    add: [/home/randolph/Develop/cmake_rv/bin/../lib/gcc/riscv32-unknown-elf/13.2.0/../../../../riscv32-unknown-elf/include]
  end of search list found
  collapse include dir [/home/randolph/Develop/cmake_rv/bin/../lib/gcc/riscv32-unknown-elf/13.2.0/include] ==> [/home/randolph/Develop/cmake_rv/lib/gcc/riscv32-unknown-elf/13.2.0/include]
  collapse include dir [/home/randolph/Develop/cmake_rv/bin/../lib/gcc/riscv32-unknown-elf/13.2.0/include-fixed] ==> [/home/randolph/Develop/cmake_rv/lib/gcc/riscv32-unknown-elf/13.2.0/include-fixed]
  collapse include dir [/home/randolph/Develop/cmake_rv/bin/../lib/gcc/riscv32-unknown-elf/13.2.0/../../../../riscv32-unknown-elf/include] ==> [/home/randolph/Develop/cmake_rv/riscv32-unknown-elf/include]
  implicit include dirs: [/home/randolph/Develop/cmake_rv/lib/gcc/riscv32-unknown-elf/13.2.0/include;/home/randolph/Develop/cmake_rv/lib/gcc/riscv32-unknown-elf/13.2.0/include-fixed;/home/randolph/Develop/cmake_rv/riscv32-unknown-elf/include]


Parsed C implicit link information from above output:
  link line regex: [^( *|.*[/\])(riscv32-unknown-elf-ld|CMAKE_LINK_STARTFILE-NOTFOUND|([^/\]+-)?ld|collect2)[^/\]*( |$)]
  ignore line: [Change Dir: /home/randolph/Develop/Spiking-MPI/build/CMakeFiles/CMakeTmp]
  ignore line: []
  ignore line: [Run Build Command(s):/usr/bin/gmake -f Makefile cmTC_35c43/fast && gmake[1]: Entering directory '/home/randolph/Develop/Spiking-MPI/build/CMakeFiles/CMakeTmp']
  ignore line: [/usr/bin/gmake  -f CMakeFiles/cmTC_35c43.dir/build.make CMakeFiles/cmTC_35c43.dir/build]
  ignore line: [gmake[2]: Entering directory '/home/randolph/Develop/Spiking-MPI/build/CMakeFiles/CMakeTmp']
  ignore line: [Building C object CMakeFiles/cmTC_35c43.dir/CMakeCCompilerABI.c.obj]
  ignore line: [/home/randolph/Develop/cmake_rv/bin/riscv32-unknown-elf-gcc   -g -march=rv32imac_zicsr -g -march=rv32imac_zicsr    -v -o CMakeFiles/cmTC_35c43.dir/CMakeCCompilerABI.c.obj -c /usr/share/cmake-3.22/Modules/CMakeCCompilerABI.c]
  ignore line: [Using built-in specs.]
  ignore line: [COLLECT_GCC=/home/randolph/Develop/cmake_rv/bin/riscv32-unknown-elf-gcc]
  ignore line: [Target: riscv32-unknown-elf]
  ignore line: [Configured with: /home/stnolting/tmp/rvgcc/riscv-gnu-toolchain/gcc/configure --target=riscv32-unknown-elf --prefix=/home/stnolting/tmp/riscv/bin --disable-shared --disable-threads --enable-languages=c c++ --with-pkgversion= --with-system-zlib --enable-tls --with-newlib --with-sysroot=/home/stnolting/tmp/riscv/bin/riscv32-unknown-elf --with-native-system-header-dir=/include --disable-libmudflap --disable-libssp --disable-libquadmath --disable-libgomp --disable-nls --disable-tm-clone-registry --src=.././gcc --disable-multilib --with-abi=ilp32 --with-arch=rv32i --with-tune=rocket --with-isa-spec=20191213 'CFLAGS_FOR_TARGET=-Os    -mcmodel=medlow' 'CXXFLAGS_FOR_TARGET=-Os    -mcmodel=medlow']
  ignore line: [Thread model: single]
  ignore line: [Supported LTO compression algorithms: zlib]
  ignore line: [gcc version 13.2.0 () ]
  ignore line: [COLLECT_GCC_OPTIONS='-g' '-g' '-march=rv32imac_zicsr' '-v' '-o' 'CMakeFiles/cmTC_35c43.dir/CMakeCCompilerABI.c.obj' '-c' '-mtune=rocket' '-mabi=ilp32' '-misa-spec=20191213' '-march=rv32imac_zicsr' '-dumpdir' 'CMakeFiles/cmTC_35c43.dir/']
  ignore line: [ /home/randolph/Develop/cmake_rv/bin/../libexec/gcc/riscv32-unknown-elf/13.2.0/cc1 -quiet -v -iprefix /home/randolph/Develop/cmake_rv/bin/../lib/gcc/riscv32-unknown-elf/13.2.0/ -isysroot /home/randolph/Develop/cmake_rv/bin/../riscv32-unknown-elf /usr/share/cmake-3.22/Modules/CMakeCCompilerABI.c -quiet -dumpdir CMakeFiles/cmTC_35c43.dir/ -dumpbase CMakeCCompilerABI.c.c -dumpbase-ext .c -march=rv32imac_zicsr -mtune=rocket -mabi=ilp32 -misa-spec=20191213 -march=rv32imac_zicsr -g -g -version -o /tmp/cc9P4S4c.s]
  ignore line: [GNU C17 () version 13.2.0 (riscv32-unknown-elf)]
  ignore line: [	compiled by GNU C version 9.4.0  GMP version 6.2.0  MPFR version 4.0.2  MPC version 1.1.0  isl version none]
  ignore line: [warning: GMP header version 6.2.0 differs from library version 6.2.1.]
  ignore line: [warning: MPFR header version 4.0.2 differs from library version 4.1.0.]
  ignore line: [warning: MPC header version 1.1.0 differs from library version 1.2.1.]
  ignore line: [GGC heuristics: --param ggc-min-expand=100 --param ggc-min-heapsize=131072]
  ignore line: [ignoring duplicate directory "/home/randolph/Develop/cmake_rv/bin/../lib/gcc/../../lib/gcc/riscv32-unknown-elf/13.2.0/include"]
  ignore line: [ignoring nonexistent directory "/home/randolph/Develop/cmake_rv/bin/../riscv32-unknown-elf/usr/local/include"]
  ignore line: [ignoring duplicate directory "/home/randolph/Develop/cmake_rv/bin/../lib/gcc/../../lib/gcc/riscv32-unknown-elf/13.2.0/include-fixed"]
  ignore line: [ignoring duplicate directory "/home/randolph/Develop/cmake_rv/bin/../lib/gcc/../../lib/gcc/riscv32-unknown-elf/13.2.0/../../../../riscv32-unknown-elf/include"]
  ignore line: [ignoring duplicate directory "/home/randolph/Develop/cmake_rv/bin/../riscv32-unknown-elf/include"]
  ignore line: [#include "..." search starts here:]
  ignore line: [#include <...> search starts here:]
  ignore line: [ /home/randolph/Develop/cmake_rv/bin/../lib/gcc/riscv32-unknown-elf/13.2.0/include]
  ignore line: [ /home/randolph/Develop/cmake_rv/bin/../lib/gcc/riscv32-unknown-elf/13.2.0/include-fixed]
  ignore line: [ /home/randolph/Develop/cmake_rv/bin/../lib/gcc/riscv32-unknown-elf/13.2.0/../../../../riscv32-unknown-elf/include]
  ignore line: [End of search list.]
  ignore line: [Compiler executable checksum: abcdb59267bb65626140602ce4633f65]
  ignore line: [COLLECT_GCC_OPTIONS='-g' '-g' '-march=rv32imac_zicsr' '-v' '-o' 'CMakeFiles/cmTC_35c43.dir/CMakeCCompilerABI.c.obj' '-c' '-mtune=rocket' '-mabi=ilp32' '-misa-spec=20191213' '-march=rv32imac_zicsr' '-dumpdir' 'CMakeFiles/cmTC_35c43.dir/']
  ignore line: [ /home/randolph/Develop/cmake_rv/bin/../lib/gcc/riscv32-unknown-elf/13.2.0/../../../../riscv32-unknown-elf/bin/as -v --gdwarf-5 --traditional-format -march=rv32imac_zicsr -march=rv32imac_zicsr -mabi=ilp32 -misa-spec=20191213 -o CMakeFiles/cmTC_35c43.dir/CMakeCCompilerABI.c.obj /tmp/cc9P4S4c.s]
  ignore line: [GNU assembler version 2.41 (riscv32-unknown-elf) using BFD version (GNU Binutils) 2.41]
  ignore line: [COMPILER_PATH=/home/randolph/Develop/cmake_rv/bin/../libexec/gcc/riscv32-unknown-elf/13.2.0/:/home/randolph/Develop/cmake_rv/bin/../libexec/gcc/:/home/randolph/Develop/cmake_rv/bin/../lib/gcc/riscv32-unknown-elf/13.2.0/../../../../riscv32-unknown-elf/bin/]
  ignore line: [LIBRARY_PATH=/home/randolph/Develop/cmake_rv/bin/../lib/gcc/riscv32-unknown-elf/13.2.0/:/home/randolph/Develop/cmake_rv/bin/../lib/gcc/:/home/randolph/Develop/cmake_rv/bin/../lib/gcc/riscv32-unknown-elf/13.2.0/../../../../riscv32-unknown-elf/lib/:/home/randolph/Develop/cmake_rv/bin/../riscv32-unknown-elf/lib/]
  ignore line: [COLLECT_GCC_OPTIONS='-g' '-g' '-march=rv32imac_zicsr' '-v' '-o' 'CMakeFiles/cmTC_35c43.dir/CMakeCCompilerABI.c.obj' '-c' '-mtune=rocket' '-mabi=ilp32' '-misa-spec=20191213' '-march=rv32imac_zicsr' '-dumpdir' 'CMakeFiles/cmTC_35c43.dir/CMakeCCompilerABI.c.']
  ignore line: [Linking C executable cmTC_35c43]
  ignore line: [/usr/bin/cmake -E cmake_link_script CMakeFiles/cmTC_35c43.dir/link.txt --verbose=1]
  ignore line: [/home/randolph/Develop/cmake_rv/bin/riscv32-unknown-elf-gcc  -g -march=rv32imac_zicsr -g -march=rv32imac_zicsr    -march=rv32imac_zicsr    -nostartfiles     -march=rv32imac_zicsr    -nostartfiles    -v CMakeFiles/cmTC_35c43.dir/CMakeCCompilerABI.c.obj -o cmTC_35c43 ]
  ignore line: [Using built-in specs.]
  ignore line: [COLLECT_GCC=/home/randolph/Develop/cmake_rv/bin/riscv32-unknown-elf-gcc]
  ignore line: [COLLECT_LTO_WRAPPER=/home/randolph/Develop/cmake_rv/bin/../libexec/gcc/riscv32-unknown-elf/13.2.0/lto-wrapper]
  ignore line: [Target: riscv32-unknown-elf]
  ignore line: [Configured with: /home/stnolting/tmp/rvgcc/riscv-gnu-toolchain/gcc/configure --target=riscv32-unknown-elf --prefix=/home/stnolting/tmp/riscv/bin --disable-shared --disable-threads --enable-languages=c c++ --with-pkgversion= --with-system-zlib --enable-tls --with-newlib --with-sysroot=/home/stnolting/tmp/riscv/bin/riscv32-unknown-elf --with-native-system-header-dir=/include --disable-libmudflap --disable-libssp --disable-libquadmath --disable-libgomp --disable-nls --disable-tm-clone-registry --src=.././gcc --disable-multilib --with-abi=ilp32 --with-arch=rv32i --with-tune=rocket --with-isa-spec=20191213 'CFLAGS_FOR_TARGET=-Os    -mcmodel=medlow' 'CXXFLAGS_FOR_TARGET=-Os    -mcmodel=medlow']
  ignore line: [Thread model: single]
  ignore line: [Supported LTO compression algorithms: zlib]
  ignore line: [gcc version 13.2.0 () ]
  ignore line: [COMPILER_PATH=/home/randolph/Develop/cmake_rv/bin/../libexec/gcc/riscv32-unknown-elf/13.2.0/:/home/randolph/Develop/cmake_rv/bin/../libexec/gcc/:/home/randolph/Develop/cmake_rv/bin/../lib/gcc/riscv32-unknown-elf/13.2.0/../../../../riscv32-unknown-elf/bin/]
  ignore line: [LIBRARY_PATH=/home/randolph/Develop/cmake_rv/bin/../lib/gcc/riscv32-unknown-elf/13.2.0/:/home/randolph/Develop/cmake_rv/bin/../lib/gcc/:/home/randolph/Develop/cmake_rv/bin/../lib/gcc/riscv32-unknown-elf/13.2.0/../../../../riscv32-unknown-elf/lib/:/home/randolph/Develop/cmake_rv/bin/../riscv32-unknown-elf/lib/]
  ignore line: [COLLECT_GCC_OPTIONS='-g' '-g' '-nostartfiles' '-march=rv32imac_zicsr' '-nostartfiles' '-v' '-o' 'cmTC_35c43' '-mtune=rocket' '-mabi=ilp32' '-misa-spec=20191213' '-march=rv32imac_zicsr' '-dumpdir' 'cmTC_35c43.']
  link line: [ /home/randolph/Develop/cmake_rv/bin/../libexec/gcc/riscv32-unknown-elf/13.2.0/collect2 -plugin /home/randolph/Develop/cmake_rv/bin/../libexec/gcc/riscv32-unknown-elf/13.2.0/liblto_plugin.so -plugin-opt=/home/randolph/Develop/cmake_rv/bin/../libexec/gcc/riscv32-unknown-elf/13.2.0/lto-wrapper -plugin-opt=-fresolution=/tmp/cc3KCnZV.res -plugin-opt=-pass-through=-lgcc -plugin-opt=-pass-through=-lc -plugin-opt=-pass-through=-lgloss -plugin-opt=-pass-through=-lgcc --sysroot=/home/randolph/Develop/cmake_rv/bin/../riscv32-unknown-elf -melf32lriscv -o cmTC_35c43 -L/home/randolph/Develop/cmake_rv/bin/../lib/gcc/riscv32-unknown-elf/13.2.0 -L/home/randolph/Develop/cmake_rv/bin/../lib/gcc -L/home/randolph/Develop/cmake_rv/bin/../lib/gcc/riscv32-unknown-elf/13.2.0/../../../../riscv32-unknown-elf/lib -L/home/randolph/Develop/cmake_rv/bin/../riscv32-unknown-elf/lib CMakeFiles/cmTC_35c43.dir/CMakeCCompilerABI.c.obj -lgcc --start-group -lc -lgloss --end-group -lgcc]
    arg [/home/randolph/Develop/cmake_rv/bin/../libexec/gcc/riscv32-unknown-elf/13.2.0/collect2] ==> ignore
    arg [-plugin] ==> ignore
    arg [/home/randolph/Develop/cmake_rv/bin/../libexec/gcc/riscv32-unknown-elf/13.2.0/liblto_plugin.so] ==> ignore
    arg [-plugin-opt=/home/randolph/Develop/cmake_rv/bin/../libexec/gcc/riscv32-unknown-elf/13.2.0/lto-wrapper] ==> ignore
    arg [-plugin-opt=-fresolution=/tmp/cc3KCnZV.res] ==> ignore
    arg [-plugin-opt=-pass-through=-lgcc] ==> ignore
    arg [-plugin-opt=-pass-through=-lc] ==> ignore
    arg [-plugin-opt=-pass-through=-lgloss] ==> ignore
    arg [-plugin-opt=-pass-through=-lgcc] ==> ignore
    arg [--sysroot=/home/randolph/Develop/cmake_rv/bin/../riscv32-unknown-elf] ==> ignore
    arg [-melf32lriscv] ==> ignore
    arg [-o] ==> ignore
    arg [cmTC_35c43] ==> ignore
    arg [-L/home/randolph/Develop/cmake_rv/bin/../lib/gcc/riscv32-unknown-elf/13.2.0] ==> dir [/home/randolph/Develop/cmake_rv/bin/../lib/gcc/riscv32-unknown-elf/13.2.0]
    arg [-L/home/randolph/Develop/cmake_rv/bin/../lib/gcc] ==> dir [/home/randolph/Develop/cmake_rv/bin/../lib/gcc]
    arg [-L/home/randolph/Develop/cmake_rv/bin/../lib/gcc/riscv32-unknown-elf/13.2.0/../../../../riscv32-unknown-elf/lib] ==> dir [/home/randolph/Develop/cmake_rv/bin/../lib/gcc/riscv32-unknown-elf/13.2.0/../../../../riscv32-unknown-elf/lib]
    arg [-L/home/randolph/Develop/cmake_rv/bin/../riscv32-unknown-elf/lib] ==> dir [/home/randolph/Develop/cmake_rv/bin/../riscv32-unknown-elf/lib]
    arg [CMakeFiles/cmTC_35c43.dir/CMakeCCompilerABI.c.obj] ==> ignore
    arg [-lgcc] ==> lib [gcc]
    arg [--start-group] ==> ignore
    arg [-lc] ==> lib [c]
    arg [-lgloss] ==> lib [gloss]
    arg [--end-group] ==> ignore
    arg [-lgcc] ==> lib [gcc]
  collapse library dir [/home/randolph/Develop/cmake_rv/bin/../lib/gcc/riscv32-unknown-elf/13.2.0] ==> [/home/randolph/Develop/cmake_rv/lib/gcc/riscv32-unknown-elf/13.2.0]
  collapse library dir [/home/randolph/Develop/cmake_rv/bin/../lib/gcc] ==> [/home/randolph/Develop/cmake_rv/lib/gcc]
  collapse library dir [/home/randolph/Develop/cmake_rv/bin/../lib/gcc/riscv32-unknown-elf/13.2.0/../../../../riscv32-unknown-elf/lib] ==> [/home/randolph/Develop/cmake_rv/riscv32-unknown-elf/lib]
  collapse library dir [/home/randolph/Develop/cmake_rv/bin/../riscv32-unknown-elf/lib] ==> [/home/randolph/Develop/cmake_rv/riscv32-unknown-elf/lib]
  implicit libs: [gcc;c;gloss;gcc]
  implicit objs: []
  implicit dirs: [/home/randolph/Develop/cmake_rv/lib/gcc/riscv32-unknown-elf/13.2.0;/home/randolph/Develop/cmake_rv/lib/gcc;/home/randolph/Develop/cmake_rv/riscv32-unknown-elf/lib]
  implicit fwks: []


